# JRE version: OpenJDK Runtime Environment (21.0.9+10) (build 21.0.9+10)
# Java VM: OpenJDK 64-Bit Server VM (21.0.9+10, mixed mode, sharing, tiered, compressed oops, compressed class ptrs, g1 gc, linux-amd64)
GC Precious Log:
 CardTable entry size: 512
 Card Set container configuration: InlinePtr #cards 4 size 8 Array Of Cards #cards 16 size 48 Howl #buckets 8 coarsen threshold 3686 Howl Bitmap #cards 512 size 80 coarsen threshold 460 Card regions per heap region 1 cards per card region 4096
 CPUs: 12 total, 12 available
 Memory: 13858M
 Large Page Support: Disabled
 NUMA Support: Disabled
 Compressed Oops: Enabled (Zero based)
 Heap Region Size: 2M
 Heap Min Capacity: 8M
 Heap Initial Capacity: 218M
 Heap Max Capacity: 3466M
 Pre-touch: Disabled
 Parallel Workers: 10
 Concurrent Workers: 3
 Concurrent Refinement Workers: 10
 Periodic GC: Disabled
Heap:
 garbage-first heap   total 86016K, used 30703K [0x0000000727600000, 0x0000000800000000)
  region size 2048K, 4 young (8192K), 3 survivors (6144K)
 Metaspace       used 69579K, committed 70208K, reserved 1114112K
  class space    used 9547K, committed 9792K, reserved 1048576K
GC Heap History (20 events):
Event: 0,602 GC heap before
{Heap before GC invocations=0 (full 0):
 garbage-first heap   total 225280K, used 21553K [0x0000000727600000, 0x0000000800000000)
  region size 2048K, 11 young (22528K), 0 survivors (0K)
 Metaspace       used 5261K, committed 5504K, reserved 1114112K
  class space    used 595K, committed 704K, reserved 1048576K
}
Event: 0,608 GC heap after
{Heap after GC invocations=1 (full 0):
 garbage-first heap   total 225280K, used 9769K [0x0000000727600000, 0x0000000800000000)
  region size 2048K, 2 young (4096K), 2 survivors (4096K)
 Metaspace       used 5261K, committed 5504K, reserved 1114112K
  class space    used 595K, committed 704K, reserved 1048576K
}
Event: 1,104 GC heap before
{Heap before GC invocations=1 (full 0):
 garbage-first heap   total 225280K, used 38441K [0x0000000727600000, 0x0000000800000000)
  region size 2048K, 16 young (32768K), 2 survivors (4096K)
 Metaspace       used 13187K, committed 13568K, reserved 1114112K
  class space    used 1762K, committed 1920K, reserved 1048576K
}
Event: 1,109 GC heap after
{Heap after GC invocations=2 (full 0):
 garbage-first heap   total 225280K, used 12060K [0x0000000727600000, 0x0000000800000000)
  region size 2048K, 2 young (4096K), 2 survivors (4096K)
 Metaspace       used 13187K, committed 13568K, reserved 1114112K
  class space    used 1762K, committed 1920K, reserved 1048576K
}
Event: 1,470 GC heap before
{Heap before GC invocations=2 (full 0):
 garbage-first heap   total 225280K, used 40732K [0x0000000727600000, 0x0000000800000000)
  region size 2048K, 18 young (36864K), 2 survivors (4096K)
 Metaspace       used 21115K, committed 21504K, reserved 1114112K
  class space    used 2700K, committed 2880K, reserved 1048576K
}
Event: 1,476 GC heap after
{Heap after GC invocations=3 (full 0):
 garbage-first heap   total 225280K, used 14691K [0x0000000727600000, 0x0000000800000000)
  region size 2048K, 3 young (6144K), 3 survivors (6144K)
 Metaspace       used 21115K, committed 21504K, reserved 1114112K
  class space    used 2700K, committed 2880K, reserved 1048576K
}
Event: 2,274 GC heap before
{Heap before GC invocations=4 (full 0):
 garbage-first heap   total 61440K, used 57699K [0x0000000727600000, 0x0000000800000000)
  region size 2048K, 24 young (49152K), 3 survivors (6144K)
 Metaspace       used 27802K, committed 28288K, reserved 1114112K
  class space    used 3560K, committed 3776K, reserved 1048576K
}
Event: 2,282 GC heap after
{Heap after GC invocations=5 (full 0):
 garbage-first heap   total 71680K, used 18723K [0x0000000727600000, 0x0000000800000000)
  region size 2048K, 5 young (10240K), 5 survivors (10240K)
 Metaspace       used 27802K, committed 28288K, reserved 1114112K
  class space    used 3560K, committed 3776K, reserved 1048576K
}
Event: 2,829 GC heap before
{Heap before GC invocations=5 (full 0):
 garbage-first heap   total 71680K, used 49443K [0x0000000727600000, 0x0000000800000000)
  region size 2048K, 20 young (40960K), 5 survivors (10240K)
 Metaspace       used 34213K, committed 34816K, reserved 1114112K
  class space    used 4465K, committed 4736K, reserved 1048576K
}
Event: 2,838 GC heap after
{Heap after GC invocations=6 (full 0):
 garbage-first heap   total 71680K, used 21835K [0x0000000727600000, 0x0000000800000000)
  region size 2048K, 2 young (4096K), 2 survivors (4096K)
 Metaspace       used 34213K, committed 34816K, reserved 1114112K
  class space    used 4465K, committed 4736K, reserved 1048576K
}
Event: 2,939 GC heap before
{Heap before GC invocations=6 (full 0):
 garbage-first heap   total 71680K, used 25931K [0x0000000727600000, 0x0000000800000000)
  region size 2048K, 5 young (10240K), 2 survivors (4096K)
 Metaspace       used 35387K, committed 35968K, reserved 1114112K
  class space    used 4627K, committed 4928K, reserved 1048576K
}
Event: 2,943 GC heap after
{Heap after GC invocations=7 (full 0):
 garbage-first heap   total 71680K, used 23046K [0x0000000727600000, 0x0000000800000000)
  region size 2048K, 1 young (2048K), 1 survivors (2048K)
 Metaspace       used 35387K, committed 35968K, reserved 1114112K
  class space    used 4627K, committed 4928K, reserved 1048576K
}
Event: 3,507 GC heap before
{Heap before GC invocations=8 (full 0):
 garbage-first heap   total 71680K, used 55814K [0x0000000727600000, 0x0000000800000000)
  region size 2048K, 17 young (34816K), 1 survivors (2048K)
 Metaspace       used 44128K, committed 44736K, reserved 1114112K
  class space    used 6117K, committed 6400K, reserved 1048576K
}
Event: 3,511 GC heap after
{Heap after GC invocations=9 (full 0):
 garbage-first heap   total 86016K, used 25120K [0x0000000727600000, 0x0000000800000000)
  region size 2048K, 2 young (4096K), 2 survivors (4096K)
 Metaspace       used 44128K, committed 44736K, reserved 1114112K
  class space    used 6117K, committed 6400K, reserved 1048576K
}
Event: 4,078 GC heap before
{Heap before GC invocations=9 (full 0):
 garbage-first heap   total 86016K, used 66080K [0x0000000727600000, 0x0000000800000000)
  region size 2048K, 23 young (47104K), 2 survivors (4096K)
 Metaspace       used 56325K, committed 56896K, reserved 1114112K
  class space    used 7550K, committed 7808K, reserved 1048576K
}
Event: 4,085 GC heap after
{Heap after GC invocations=10 (full 0):
 garbage-first heap   total 86016K, used 27288K [0x0000000727600000, 0x0000000800000000)
  region size 2048K, 3 young (6144K), 3 survivors (6144K)
 Metaspace       used 56325K, committed 56896K, reserved 1114112K
  class space    used 7550K, committed 7808K, reserved 1048576K
}
Event: 4,192 GC heap before
{Heap before GC invocations=10 (full 0):
 garbage-first heap   total 86016K, used 33432K [0x0000000727600000, 0x0000000800000000)
  region size 2048K, 7 young (14336K), 3 survivors (6144K)
 Metaspace       used 59613K, committed 60160K, reserved 1114112K
  class space    used 8124K, committed 8384K, reserved 1048576K
}
Event: 4,197 GC heap after
{Heap after GC invocations=11 (full 0):
 garbage-first heap   total 86016K, used 27467K [0x0000000727600000, 0x0000000800000000)
  region size 2048K, 2 young (4096K), 2 survivors (4096K)
 Metaspace       used 59613K, committed 60160K, reserved 1114112K
  class space    used 8124K, committed 8384K, reserved 1048576K
}
Event: 4,896 GC heap before
{Heap before GC invocations=12 (full 0):
 garbage-first heap   total 86016K, used 72523K [0x0000000727600000, 0x0000000800000000)
  region size 2048K, 24 young (49152K), 2 survivors (4096K)
 Metaspace       used 69504K, committed 70144K, reserved 1114112K
  class space    used 9540K, committed 9792K, reserved 1048576K
}
Event: 4,899 GC heap after
{Heap after GC invocations=13 (full 0):
 garbage-first heap   total 86016K, used 30703K [0x0000000727600000, 0x0000000800000000)
  region size 2048K, 3 young (6144K), 3 survivors (6144K)
 Metaspace       used 69504K, committed 70144K, reserved 1114112K
  class space    used 9540K, committed 9792K, reserved 1048576K
}

