# JRE version: OpenJDK Runtime Environment (21.0.10+7) (build 21.0.10+7)
# Java VM: OpenJDK 64-Bit Server VM (21.0.10+7, mixed mode, sharing, tiered, compressed oops, compressed class ptrs, g1 gc, linux-amd64)
GC Precious Log:
 CardTable entry size: 512
 Card Set container configuration: InlinePtr #cards 4 size 8 Array Of Cards #cards 16 size 48 Howl #buckets 8 coarsen threshold 3686 Howl Bitmap #cards 512 size 80 coarsen threshold 460 Card regions per heap region 1 cards per card region 4096
 CPUs: 12 total, 12 available
 Memory: 13858M
 Large Page Support: Disabled
 NUMA Support: Disabled
 Compressed Oops: Enabled (Zero based)
 Heap Region Size: 2M
 Heap Min Capacity: 8M
 Heap Initial Capacity: 218M
 Heap Max Capacity: 3466M
 Pre-touch: Disabled
 Parallel Workers: 10
 Concurrent Workers: 3
 Concurrent Refinement Workers: 10
 Periodic GC: Disabled
Heap:
 garbage-first heap   total 61440K, used 43454K [0x0000000727600000, 0x0000000800000000)
  region size 2048K, 18 young (36864K), 3 survivors (6144K)
 Metaspace       used 25236K, committed 25664K, reserved 1114112K
  class space    used 3221K, committed 3392K, reserved 1048576K
GC Heap History (6 events):
Event: 0,429 GC heap before
{Heap before GC invocations=0 (full 0):
 garbage-first heap   total 225280K, used 21553K [0x0000000727600000, 0x0000000800000000)
  region size 2048K, 11 young (22528K), 0 survivors (0K)
 Metaspace       used 5135K, committed 5376K, reserved 1114112K
  class space    used 581K, committed 704K, reserved 1048576K
}
Event: 0,436 GC heap after
{Heap after GC invocations=1 (full 0):
 garbage-first heap   total 225280K, used 10079K [0x0000000727600000, 0x0000000800000000)
  region size 2048K, 2 young (4096K), 2 survivors (4096K)
 Metaspace       used 5135K, committed 5376K, reserved 1114112K
  class space    used 581K, committed 704K, reserved 1048576K
}
Event: 0,840 GC heap before
{Heap before GC invocations=1 (full 0):
 garbage-first heap   total 225280K, used 36703K [0x0000000727600000, 0x0000000800000000)
  region size 2048K, 15 young (30720K), 2 survivors (4096K)
 Metaspace       used 12719K, committed 13120K, reserved 1114112K
  class space    used 1643K, committed 1792K, reserved 1048576K
}
Event: 0,845 GC heap after
{Heap after GC invocations=2 (full 0):
 garbage-first heap   total 225280K, used 11719K [0x0000000727600000, 0x0000000800000000)
  region size 2048K, 2 young (4096K), 2 survivors (4096K)
 Metaspace       used 12719K, committed 13120K, reserved 1114112K
  class space    used 1643K, committed 1792K, reserved 1048576K
}
Event: 1,113 GC heap before
{Heap before GC invocations=2 (full 0):
 garbage-first heap   total 225280K, used 44487K [0x0000000727600000, 0x0000000800000000)
  region size 2048K, 20 young (40960K), 2 survivors (4096K)
 Metaspace       used 21168K, committed 21504K, reserved 1114112K
  class space    used 2713K, committed 2880K, reserved 1048576K
}
Event: 1,119 GC heap after
{Heap after GC invocations=3 (full 0):
 garbage-first heap   total 225280K, used 14782K [0x0000000727600000, 0x0000000800000000)
  region size 2048K, 3 young (6144K), 3 survivors (6144K)
 Metaspace       used 21168K, committed 21504K, reserved 1114112K
  class space    used 2713K, committed 2880K, reserved 1048576K
}

